build/outputs/logs/manifest-merger-debug-report.txt
-- Merging decision tree log ---
manifest
ADDED from AndroidManifest.xml:2:1
	package
		ADDED from AndroidManifest.xml:3:5
		INJECTED from AndroidManifest.xml:0:0
		INJECTED from AndroidManifest.xml:0:0
	android:versionName
		ADDED from AndroidManifest.xml:5:5
		INJECTED from AndroidManifest.xml:0:0
		INJECTED from AndroidManifest.xml:0:0
	android:versionCode
		ADDED from AndroidManifest.xml:4:5
		INJECTED from AndroidManifest.xml:0:0
		INJECTED from AndroidManifest.xml:0:0
	xmlns:android
		ADDED from AndroidManifest.xml:2:11
uses-feature#0x00020000
ADDED from AndroidManifest.xml:7:5
	android:glEsVersion
		ADDED from AndroidManifest.xml:8:9
	android:required
		ADDED from AndroidManifest.xml:9:9
uses-permission#android.permission.INTERNET
ADDED from AndroidManifest.xml:11:5
	android:name
		ADDED from AndroidManifest.xml:11:22
uses-permission#android.permission.ACCESS_NETWORK_STATE
ADDED from AndroidManifest.xml:12:5
	android:name
		ADDED from AndroidManifest.xml:12:22
uses-permission#android.permission.WRITE_EXTERNAL_STORAGE
ADDED from AndroidManifest.xml:13:5
	android:name
		ADDED from AndroidManifest.xml:13:22
uses-permission#android.permission.ACCESS_FINE_LOCATION
ADDED from AndroidManifest.xml:14:5
	android:name
		ADDED from AndroidManifest.xml:14:22
uses-permission#android.permission.NFC
ADDED from AndroidManifest.xml:15:5
	android:name
		ADDED from AndroidManifest.xml:15:22
uses-permission#android.permission.VIBRATE
ADDED from AndroidManifest.xml:16:5
	android:name
		ADDED from AndroidManifest.xml:16:22
application
ADDED from AndroidManifest.xml:18:5
MERGED from com.android.support:support-v4:22.2.0:22:5
MERGED from com.android.support:support-v4:22.2.0:22:5
MERGED from com.android.support:support-v4:22.2.0:22:5
	android:label
		ADDED from AndroidManifest.xml:22:9
	android:allowBackup
		ADDED from AndroidManifest.xml:20:9
	android:icon
		ADDED from AndroidManifest.xml:21:9
	android:largeHeap
		ADDED from AndroidManifest.xml:23:9
	android:theme
		ADDED from AndroidManifest.xml:24:9
	android:name
		ADDED from AndroidManifest.xml:19:9
meta-data#com.crashlytics.ApiKey
ADDED from AndroidManifest.xml:26:9
	android:value
		ADDED from AndroidManifest.xml:28:13
	android:name
		ADDED from AndroidManifest.xml:27:13
activity#org.qii.weiciyuan.ui.login.AccountActivity
ADDED from AndroidManifest.xml:30:9
	android:uiOptions
		ADDED from AndroidManifest.xml:32:13
	android:name
		ADDED from AndroidManifest.xml:31:13
intent-filter#android.intent.action.MAIN+android.intent.category.LAUNCHER
ADDED from AndroidManifest.xml:33:13
action#android.intent.action.MAIN
ADDED from AndroidManifest.xml:34:17
	android:name
		ADDED from AndroidManifest.xml:34:25
category#android.intent.category.LAUNCHER
ADDED from AndroidManifest.xml:35:17
	android:name
		ADDED from AndroidManifest.xml:35:27
activity#org.qii.weiciyuan.ui.login.OAuthActivity
ADDED from AndroidManifest.xml:41:9
	android:name
		ADDED from AndroidManifest.xml:41:19
activity#org.qii.weiciyuan.ui.login.SSOActivity
ADDED from AndroidManifest.xml:42:9
	android:name
		ADDED from AndroidManifest.xml:42:19
activity#org.qii.weiciyuan.ui.main.MainTimeLineActivity
ADDED from AndroidManifest.xml:45:9
	android:launchMode
		ADDED from AndroidManifest.xml:47:13
	android:name
		ADDED from AndroidManifest.xml:46:13
activity#org.qii.weiciyuan.ui.send.WriteWeiboActivity
ADDED from AndroidManifest.xml:50:9
	android:launchMode
		ADDED from AndroidManifest.xml:52:13
	android:windowSoftInputMode
		ADDED from AndroidManifest.xml:53:13
	android:name
		ADDED from AndroidManifest.xml:51:13
intent-filter#android.intent.action.SEND+android.intent.category.DEFAULT
ADDED from AndroidManifest.xml:54:13
action#android.intent.action.SEND
ADDED from AndroidManifest.xml:55:17
	android:name
		ADDED from AndroidManifest.xml:55:25
category#android.intent.category.DEFAULT
ADDED from AndroidManifest.xml:56:17
	android:name
		ADDED from AndroidManifest.xml:56:27
data
ADDED from AndroidManifest.xml:57:17
	android:scheme
		INJECTED from AndroidManifest.xml:0:0
		INJECTED from AndroidManifest.xml:0:0
	android:mimeType
		ADDED from AndroidManifest.xml:57:23
activity#org.qii.weiciyuan.ui.send.WriteRepostActivity
ADDED from AndroidManifest.xml:66:9
	android:windowSoftInputMode
		ADDED from AndroidManifest.xml:68:13
	android:name
		ADDED from AndroidManifest.xml:67:13
activity#org.qii.weiciyuan.ui.send.WriteCommentActivity
ADDED from AndroidManifest.xml:69:9
	android:windowSoftInputMode
		ADDED from AndroidManifest.xml:71:13
	android:name
		ADDED from AndroidManifest.xml:70:13
activity#org.qii.weiciyuan.ui.send.WriteReplyToCommentActivity
ADDED from AndroidManifest.xml:72:9
	android:windowSoftInputMode
		ADDED from AndroidManifest.xml:74:13
	android:name
		ADDED from AndroidManifest.xml:73:13
activity#org.qii.weiciyuan.ui.browser.BrowserWeiboMsgActivity
ADDED from AndroidManifest.xml:77:9
	android:label
		ADDED from AndroidManifest.xml:80:13
	android:exported
		ADDED from AndroidManifest.xml:79:13
	android:uiOptions
		ADDED from AndroidManifest.xml:82:13
	android:theme
		ADDED from AndroidManifest.xml:81:13
	android:name
		ADDED from AndroidManifest.xml:78:13
activity#org.qii.weiciyuan.ui.browser.BrowserCommentActivity
ADDED from AndroidManifest.xml:83:9
	android:label
		ADDED from AndroidManifest.xml:85:13
	android:name
		ADDED from AndroidManifest.xml:84:13
activity#org.qii.weiciyuan.support.gallery.GalleryActivity
ADDED from AndroidManifest.xml:86:9
	android:launchMode
		ADDED from AndroidManifest.xml:88:13
	android:theme
		ADDED from AndroidManifest.xml:89:13
	android:name
		ADDED from AndroidManifest.xml:87:13
activity#org.qii.weiciyuan.support.gallery.GalleryAnimationActivity
ADDED from AndroidManifest.xml:90:9
	android:launchMode
		ADDED from AndroidManifest.xml:93:13
	android:configChanges
		ADDED from AndroidManifest.xml:92:13
	android:theme
		ADDED from AndroidManifest.xml:94:13
	android:name
		ADDED from AndroidManifest.xml:91:13
activity#org.qii.weiciyuan.ui.browser.BrowserWriteWeiboLocalPicActivity
ADDED from AndroidManifest.xml:95:9
	android:launchMode
		ADDED from AndroidManifest.xml:97:13
	android:uiOptions
		ADDED from AndroidManifest.xml:98:13
	android:name
		ADDED from AndroidManifest.xml:96:13
activity#org.qii.weiciyuan.ui.browser.BrowserWebActivity
ADDED from AndroidManifest.xml:99:9
	android:launchMode
		ADDED from AndroidManifest.xml:101:13
	android:uiOptions
		ADDED from AndroidManifest.xml:102:13
	android:name
		ADDED from AndroidManifest.xml:100:13
intent-filter#android.intent.action.VIEW+android.intent.category.DEFAULT
ADDED from AndroidManifest.xml:103:13
action#android.intent.action.VIEW
ADDED from AndroidManifest.xml:104:17
	android:name
		ADDED from AndroidManifest.xml:104:25
activity#org.qii.weiciyuan.ui.browser.BrowserShareTimeLineActivity
ADDED from AndroidManifest.xml:134:9
	android:name
		ADDED from AndroidManifest.xml:134:19
activity#org.qii.weiciyuan.ui.browser.AppMapActivity
ADDED from AndroidManifest.xml:135:9
	android:launchMode
		ADDED from AndroidManifest.xml:137:13
	android:name
		ADDED from AndroidManifest.xml:136:13
activity#org.qii.weiciyuan.ui.topic.SearchTopicByNameActivity
ADDED from AndroidManifest.xml:141:9
	android:label
		ADDED from AndroidManifest.xml:143:13
	android:uiOptions
		ADDED from AndroidManifest.xml:144:13
	android:name
		ADDED from AndroidManifest.xml:142:13
activity#org.qii.weiciyuan.ui.topic.UserTopicListActivity
ADDED from AndroidManifest.xml:151:9
	android:name
		ADDED from AndroidManifest.xml:151:19
activity#org.qii.weiciyuan.ui.userinfo.UserInfoActivity
ADDED from AndroidManifest.xml:154:9
	android:theme
		ADDED from AndroidManifest.xml:156:13
	android:name
		ADDED from AndroidManifest.xml:155:13
intent-filter#android.intent.category.DEFAULT+android.nfc.action.NDEF_DISCOVERED
ADDED from AndroidManifest.xml:162:13
action#android.nfc.action.NDEF_DISCOVERED
ADDED from AndroidManifest.xml:163:17
	android:name
		ADDED from AndroidManifest.xml:163:25
activity#org.qii.weiciyuan.ui.userinfo.UserTimeLineActivity
ADDED from AndroidManifest.xml:168:9
	android:name
		ADDED from AndroidManifest.xml:168:19
activity#org.qii.weiciyuan.ui.userinfo.MyInfoActivity
ADDED from AndroidManifest.xml:169:9
	android:launchMode
		ADDED from AndroidManifest.xml:171:13
	android:theme
		ADDED from AndroidManifest.xml:172:13
	android:name
		ADDED from AndroidManifest.xml:170:13
activity#org.qii.weiciyuan.ui.userinfo.EditMyProfileActivity
ADDED from AndroidManifest.xml:173:9
	android:launchMode
		ADDED from AndroidManifest.xml:175:13
	android:name
		ADDED from AndroidManifest.xml:174:13
activity#org.qii.weiciyuan.ui.userinfo.FriendListActivity
ADDED from AndroidManifest.xml:176:9
	android:launchMode
		ADDED from AndroidManifest.xml:178:13
	android:name
		ADDED from AndroidManifest.xml:177:13
activity#org.qii.weiciyuan.ui.userinfo.FanListActivity
ADDED from AndroidManifest.xml:179:9
	android:launchMode
		ADDED from AndroidManifest.xml:181:13
	android:name
		ADDED from AndroidManifest.xml:180:13
activity#org.qii.weiciyuan.ui.userinfo.MyFavActivity
ADDED from AndroidManifest.xml:182:9
	android:launchMode
		ADDED from AndroidManifest.xml:184:13
	android:name
		ADDED from AndroidManifest.xml:183:13
activity#org.qii.weiciyuan.ui.search.SearchMainActivity
ADDED from AndroidManifest.xml:188:9
	android:launchMode
		ADDED from AndroidManifest.xml:190:13
	android:name
		ADDED from AndroidManifest.xml:189:13
intent-filter#android.intent.action.SEARCH
ADDED from AndroidManifest.xml:191:13
action#android.intent.action.SEARCH
ADDED from AndroidManifest.xml:192:17
	android:name
		ADDED from AndroidManifest.xml:192:25
meta-data#android.app.searchable
ADDED from AndroidManifest.xml:194:13
	android:resource
		ADDED from AndroidManifest.xml:196:17
	android:name
		ADDED from AndroidManifest.xml:195:17
activity#org.qii.weiciyuan.ui.search.AtUserActivity
ADDED from AndroidManifest.xml:198:9
	android:name
		ADDED from AndroidManifest.xml:198:19
activity#org.qii.weiciyuan.ui.friendgroup.ManageGroupActivity
ADDED from AndroidManifest.xml:201:9
	android:name
		ADDED from AndroidManifest.xml:201:19
activity#org.qii.weiciyuan.ui.nearby.NearbyTimeLineActivity
ADDED from AndroidManifest.xml:204:9
	android:name
		ADDED from AndroidManifest.xml:204:19
activity#org.qii.weiciyuan.ui.preference.SettingActivity
ADDED from AndroidManifest.xml:207:9
	android:name
		ADDED from AndroidManifest.xml:207:19
activity#org.qii.weiciyuan.ui.preference.ControlActivity
ADDED from AndroidManifest.xml:209:9
	android:name
		ADDED from AndroidManifest.xml:209:19
intent-filter#android.intent.action.MANAGE_NETWORK_USAGE+android.intent.category.DEFAULT
ADDED from AndroidManifest.xml:210:13
action#android.intent.action.MANAGE_NETWORK_USAGE
ADDED from AndroidManifest.xml:211:17
	android:name
		ADDED from AndroidManifest.xml:211:25
activity#org.qii.weiciyuan.ui.preference.NotificationActivity
ADDED from AndroidManifest.xml:215:9
	android:name
		ADDED from AndroidManifest.xml:215:19
activity#org.qii.weiciyuan.ui.preference.DraftActivity
ADDED from AndroidManifest.xml:216:9
	android:uiOptions
		ADDED from AndroidManifest.xml:218:13
	android:name
		ADDED from AndroidManifest.xml:217:13
activity#org.qii.weiciyuan.ui.preference.FilterActivity
ADDED from AndroidManifest.xml:219:9
	android:uiOptions
		ADDED from AndroidManifest.xml:221:13
	android:name
		ADDED from AndroidManifest.xml:220:13
activity#org.qii.weiciyuan.ui.preference.AppearanceActivity
ADDED from AndroidManifest.xml:222:9
	android:uiOptions
		ADDED from AndroidManifest.xml:224:13
	android:name
		ADDED from AndroidManifest.xml:223:13
activity#org.qii.weiciyuan.ui.preference.ReadActivity
ADDED from AndroidManifest.xml:225:9
	android:name
		ADDED from AndroidManifest.xml:225:19
activity#org.qii.weiciyuan.ui.preference.PerformanceActivity
ADDED from AndroidManifest.xml:226:9
	android:name
		ADDED from AndroidManifest.xml:226:19
activity#org.qii.weiciyuan.ui.preference.OtherActivity
ADDED from AndroidManifest.xml:227:9
	android:name
		ADDED from AndroidManifest.xml:227:19
activity#org.qii.weiciyuan.ui.preference.AboutActivity
ADDED from AndroidManifest.xml:228:9
	android:name
		ADDED from AndroidManifest.xml:228:19
activity#org.qii.weiciyuan.ui.preference.LicenseActivity
ADDED from AndroidManifest.xml:229:9
	android:theme
		ADDED from AndroidManifest.xml:231:13
	android:name
		ADDED from AndroidManifest.xml:230:13
service#org.qii.weiciyuan.othercomponent.FetchNewMsgService
ADDED from AndroidManifest.xml:235:9
	android:name
		ADDED from AndroidManifest.xml:235:18
service#org.qii.weiciyuan.othercomponent.sendweiboservice.SendWeiboService
ADDED from AndroidManifest.xml:236:9
	android:name
		ADDED from AndroidManifest.xml:236:18
service#org.qii.weiciyuan.othercomponent.sendweiboservice.SendRepostService
ADDED from AndroidManifest.xml:237:9
	android:name
		ADDED from AndroidManifest.xml:237:18
service#org.qii.weiciyuan.othercomponent.sendweiboservice.SendCommentService
ADDED from AndroidManifest.xml:238:9
	android:name
		ADDED from AndroidManifest.xml:238:18
service#org.qii.weiciyuan.othercomponent.sendweiboservice.SendReplyToCommentService
ADDED from AndroidManifest.xml:239:9
	android:name
		ADDED from AndroidManifest.xml:239:18
service#org.qii.weiciyuan.othercomponent.unreadnotification.JBMentionsWeiboNotificationServiceHelper
ADDED from AndroidManifest.xml:241:9
	android:name
		ADDED from AndroidManifest.xml:241:18
service#org.qii.weiciyuan.othercomponent.unreadnotification.JBMentionsCommentNotificationServiceHelper
ADDED from AndroidManifest.xml:242:9
	android:name
		ADDED from AndroidManifest.xml:242:18
service#org.qii.weiciyuan.othercomponent.unreadnotification.JBCommentsToMeNotificationServiceHelper
ADDED from AndroidManifest.xml:243:9
	android:name
		ADDED from AndroidManifest.xml:243:18
service#org.qii.weiciyuan.othercomponent.unreadnotification.BigTextNotificationService
ADDED from AndroidManifest.xml:244:9
	android:name
		ADDED from AndroidManifest.xml:244:18
service#org.qii.weiciyuan.othercomponent.unreadnotification.SimpleTextNotificationService
ADDED from AndroidManifest.xml:245:9
	android:name
		ADDED from AndroidManifest.xml:245:18
receiver#org.qii.weiciyuan.othercomponent.ConnectionChangeReceiver
ADDED from AndroidManifest.xml:255:9
	android:label
		ADDED from AndroidManifest.xml:257:13
	android:name
		ADDED from AndroidManifest.xml:256:13
intent-filter#android.net.conn.CONNECTIVITY_CHANGE
ADDED from AndroidManifest.xml:258:13
action#android.net.conn.CONNECTIVITY_CHANGE
ADDED from AndroidManifest.xml:259:17
	android:name
		ADDED from AndroidManifest.xml:259:25
provider#org.qii.weiciyuan.ui.search.SearchSuggestionProvider
ADDED from AndroidManifest.xml:264:9
	android:authorities
		ADDED from AndroidManifest.xml:266:13
		INJECTED from AndroidManifest.xml:0:0
	android:exported
		ADDED from AndroidManifest.xml:267:13
	android:name
		ADDED from AndroidManifest.xml:265:13
activity#org.qii.weiciyuan.ui.blackmagic.BlackMagicActivity
ADDED from AndroidManifest.xml:270:9
	android:name
		ADDED from AndroidManifest.xml:270:19
activity#org.qii.weiciyuan.ui.dm.DMActivity
ADDED from AndroidManifest.xml:273:9
	android:name
		ADDED from AndroidManifest.xml:273:19
activity#org.qii.weiciyuan.ui.dm.DMUserListActivity
ADDED from AndroidManifest.xml:274:9
	android:name
		ADDED from AndroidManifest.xml:274:19
activity#org.qii.weiciyuan.ui.dm.DMSelectUserActivity
ADDED from AndroidManifest.xml:275:9
	android:name
		ADDED from AndroidManifest.xml:275:19
uses-sdk
INJECTED from AndroidManifest.xml:0:0 reason: use-sdk injection requested
MERGED from com.android.support:support-v4:22.2.0:20:5
MERGED from weiciyuan.libs:slidingmenulibrary:unspecified:7:5
MERGED from com.android.support:support-v4:22.2.0:20:5
MERGED from weiciyuan.libs:showcaseviewlibrary:unspecified:7:5
MERGED from com.android.support:support-v4:22.2.0:20:5
	android:targetSdkVersion
		INJECTED from AndroidManifest.xml:0:0
		INJECTED from AndroidManifest.xml:0:0
	android:minSdkVersion
		INJECTED from AndroidManifest.xml:0:0
		INJECTED from AndroidManifest.xml:0:0